<?xml version="1.0" encoding="UTF-8"?>
<!-- Generated by org.testng.reporters.JUnitXMLReporter -->
<testsuite ignored="0" hostname="DESKTOP-V4HGLIE" failures="0" tests="4" name="Test" time="0.18" errors="0" timestamp="2022-12-28T16:08:08 IST">
  <testcase classname="Scripts.Tc3" name="demo" time="0.029"/>
  <testcase classname="Scripts.Tc4" name="demo" time="0.003"/>
  <testcase classname="Scripts.Tc1" name="demo" time="0.01"/>
  <testcase classname="Scripts.Tc2" name="demo" time="0.014"/>
</testsuite> <!-- Test -->
