<?xml version="1.0" encoding="UTF-8"?>
<testng-results ignored="0" total="4" passed="4" failed="0" skipped="0">
  <reporter-output>
    <line>
      <![CDATA[hello python]]>
    </line>
    <line>
      <![CDATA[hello python_selenium]]>
    </line>
    <line>
      <![CDATA[hello java]]>
    </line>
    <line>
      <![CDATA[hello selenium]]>
    </line>
  </reporter-output>
  <suite started-at="2022-12-28T16:08:08 IST" name="Suite" finished-at="2022-12-28T16:08:08 IST" duration-ms="180">
    <groups>
    </groups>
    <test started-at="2022-12-28T16:08:08 IST" name="Test" finished-at="2022-12-28T16:08:08 IST" duration-ms="180">
      <class name="Scripts.Tc1">
        <test-method signature="demo()[pri:0, instance:Scripts.Tc1@9353778]" started-at="2022-12-28T16:08:08 IST" name="demo" finished-at="2022-12-28T16:08:08 IST" duration-ms="10" status="PASS">
          <reporter-output>
            <line>
              <![CDATA[hello java]]>
            </line>
          </reporter-output>
        </test-method> <!-- demo -->
      </class> <!-- Scripts.Tc1 -->
      <class name="Scripts.Tc2">
        <test-method signature="demo()[pri:0, instance:Scripts.Tc2@6a28ffa4]" started-at="2022-12-28T16:08:08 IST" name="demo" finished-at="2022-12-28T16:08:08 IST" duration-ms="14" status="PASS">
          <reporter-output>
            <line>
              <![CDATA[hello selenium]]>
            </line>
          </reporter-output>
        </test-method> <!-- demo -->
      </class> <!-- Scripts.Tc2 -->
      <class name="Scripts.Tc3">
        <test-method signature="demo()[pri:0, instance:Scripts.Tc3@2667f029]" started-at="2022-12-28T16:08:08 IST" name="demo" finished-at="2022-12-28T16:08:08 IST" duration-ms="29" status="PASS">
          <reporter-output>
            <line>
              <![CDATA[hello python]]>
            </line>
          </reporter-output>
        </test-method> <!-- demo -->
      </class> <!-- Scripts.Tc3 -->
      <class name="Scripts.Tc4">
        <test-method signature="demo()[pri:0, instance:Scripts.Tc4@63355449]" started-at="2022-12-28T16:08:08 IST" name="demo" finished-at="2022-12-28T16:08:08 IST" duration-ms="3" status="PASS">
          <reporter-output>
            <line>
              <![CDATA[hello python_selenium]]>
            </line>
          </reporter-output>
        </test-method> <!-- demo -->
      </class> <!-- Scripts.Tc4 -->
    </test> <!-- Test -->
  </suite> <!-- Suite -->
</testng-results>
